{"C:\\Users\\abner\\workspace\\finances\\src\\App.tsx": {"path":"C:\\Users\\abner\\workspace\\finances\\src\\App.tsx","statementMap":{"0":{"start":{"line":9,"column":2},"end":{"line":17,"column":3}}},"fnMap":{"0":{"name":"App","decl":{"start":{"line":7,"column":9},"end":{"line":7,"column":12}},"loc":{"start":{"line":7,"column":15},"end":{"line":18,"column":1}},"line":7}},"branchMap":{},"s":{"0":0},"f":{"0":0},"b":{}}
,"C:\\Users\\abner\\workspace\\finances\\src\\Router.tsx": {"path":"C:\\Users\\abner\\workspace\\finances\\src\\Router.tsx","statementMap":{"0":{"start":{"line":11,"column":2},"end":{"line":20,"column":4}}},"fnMap":{"0":{"name":"Router","decl":{"start":{"line":10,"column":16},"end":{"line":10,"column":22}},"loc":{"start":{"line":10,"column":25},"end":{"line":21,"column":1}},"line":10}},"branchMap":{},"s":{"0":0},"f":{"0":0},"b":{}}
,"C:\\Users\\abner\\workspace\\finances\\src\\components\\Header\\HeaderLinks.tsx": {"path":"C:\\Users\\abner\\workspace\\finances\\src\\components\\Header\\HeaderLinks.tsx","statementMap":{"0":{"start":{"line":7,"column":22},"end":{"line":7,"column":35}},"1":{"start":{"line":8,"column":19},"end":{"line":8,"column":32}},"2":{"start":{"line":10,"column":21},"end":{"line":10,"column":53}},"3":{"start":{"line":11,"column":21},"end":{"line":11,"column":53}},"4":{"start":{"line":12,"column":25},"end":{"line":12,"column":61}},"5":{"start":{"line":15,"column":4},"end":{"line":15,"column":24}},"6":{"start":{"line":16,"column":4},"end":{"line":16,"column":42}},"7":{"start":{"line":17,"column":4},"end":{"line":17,"column":24}},"8":{"start":{"line":21,"column":2},"end":{"line":40,"column":5}}},"fnMap":{"0":{"name":"HeaderLinks","decl":{"start":{"line":6,"column":16},"end":{"line":6,"column":27}},"loc":{"start":{"line":6,"column":29},"end":{"line":41,"column":3}},"line":6},"1":{"name":"logOut","decl":{"start":{"line":14,"column":17},"end":{"line":14,"column":23}},"loc":{"start":{"line":14,"column":25},"end":{"line":18,"column":3}},"line":14}},"branchMap":{},"s":{"0":0,"1":0,"2":0,"3":0,"4":0,"5":0,"6":0,"7":0,"8":0},"f":{"0":0,"1":0},"b":{}}
,"C:\\Users\\abner\\workspace\\finances\\src\\components\\Header\\HeaderLinksMobile.tsx": {"path":"C:\\Users\\abner\\workspace\\finances\\src\\components\\Header\\HeaderLinksMobile.tsx","statementMap":{"0":{"start":{"line":7,"column":22},"end":{"line":7,"column":35}},"1":{"start":{"line":8,"column":19},"end":{"line":8,"column":32}},"2":{"start":{"line":10,"column":21},"end":{"line":10,"column":53}},"3":{"start":{"line":11,"column":21},"end":{"line":11,"column":53}},"4":{"start":{"line":12,"column":25},"end":{"line":12,"column":61}},"5":{"start":{"line":15,"column":4},"end":{"line":15,"column":24}},"6":{"start":{"line":16,"column":4},"end":{"line":16,"column":42}},"7":{"start":{"line":17,"column":4},"end":{"line":17,"column":24}},"8":{"start":{"line":20,"column":2},"end":{"line":39,"column":3}}},"fnMap":{"0":{"name":"HeaderLinkMobile","decl":{"start":{"line":6,"column":16},"end":{"line":6,"column":32}},"loc":{"start":{"line":6,"column":34},"end":{"line":40,"column":1}},"line":6},"1":{"name":"logOut","decl":{"start":{"line":14,"column":17},"end":{"line":14,"column":23}},"loc":{"start":{"line":14,"column":25},"end":{"line":18,"column":3}},"line":14}},"branchMap":{},"s":{"0":0,"1":0,"2":0,"3":0,"4":0,"5":0,"6":0,"7":0,"8":0},"f":{"0":0,"1":0},"b":{}}
,"C:\\Users\\abner\\workspace\\finances\\src\\components\\Header\\HeaderMobile.tsx": {"path":"C:\\Users\\abner\\workspace\\finances\\src\\components\\Header\\HeaderMobile.tsx","statementMap":{"0":{"start":{"line":6,"column":2},"end":{"line":28,"column":3}}},"fnMap":{"0":{"name":"HeaderMobile","decl":{"start":{"line":5,"column":16},"end":{"line":5,"column":28}},"loc":{"start":{"line":5,"column":30},"end":{"line":29,"column":1}},"line":5}},"branchMap":{},"s":{"0":0},"f":{"0":0},"b":{}}
,"C:\\Users\\abner\\workspace\\finances\\src\\components\\Header\\index.tsx": {"path":"C:\\Users\\abner\\workspace\\finances\\src\\components\\Header\\index.tsx","statementMap":{"0":{"start":{"line":6,"column":2},"end":{"line":15,"column":3}}},"fnMap":{"0":{"name":"Header","decl":{"start":{"line":5,"column":16},"end":{"line":5,"column":22}},"loc":{"start":{"line":5,"column":24},"end":{"line":16,"column":1}},"line":5}},"branchMap":{},"s":{"0":0},"f":{"0":0},"b":{}}
,"C:\\Users\\abner\\workspace\\finances\\src\\components\\Modal\\FilterTransactions\\index.tsx": {"path":"C:\\Users\\abner\\workspace\\finances\\src\\components\\Modal\\FilterTransactions\\index.tsx","statementMap":{"0":{"start":{"line":8,"column":2},"end":{"line":44,"column":4}}},"fnMap":{"0":{"name":"FilterTransactionsModal","decl":{"start":{"line":5,"column":16},"end":{"line":5,"column":39}},"loc":{"start":{"line":5,"column":42},"end":{"line":45,"column":1}},"line":5}},"branchMap":{},"s":{"0":0},"f":{"0":0},"b":{}}
,"C:\\Users\\abner\\workspace\\finances\\src\\components\\Toast\\index.tsx": {"path":"C:\\Users\\abner\\workspace\\finances\\src\\components\\Toast\\index.tsx","statementMap":{"0":{"start":{"line":4,"column":2},"end":{"line":28,"column":3}}},"fnMap":{"0":{"name":"Toast","decl":{"start":{"line":3,"column":16},"end":{"line":3,"column":21}},"loc":{"start":{"line":3,"column":23},"end":{"line":29,"column":1}},"line":3}},"branchMap":{},"s":{"0":0},"f":{"0":0},"b":{}}
,"C:\\Users\\abner\\workspace\\finances\\src\\layout\\DefaultLayout\\index.tsx": {"path":"C:\\Users\\abner\\workspace\\finances\\src\\layout\\DefaultLayout\\index.tsx","statementMap":{"0":{"start":{"line":5,"column":2},"end":{"line":14,"column":4}}},"fnMap":{"0":{"name":"DefaultLayout","decl":{"start":{"line":4,"column":16},"end":{"line":4,"column":29}},"loc":{"start":{"line":4,"column":32},"end":{"line":15,"column":1}},"line":4}},"branchMap":{},"s":{"0":0},"f":{"0":0},"b":{}}
,"C:\\Users\\abner\\workspace\\finances\\src\\pages\\Login\\index.tsx": {"path":"C:\\Users\\abner\\workspace\\finances\\src\\pages\\Login\\index.tsx","statementMap":{"0":{"start":{"line":11,"column":19},"end":{"line":11,"column":32}},"1":{"start":{"line":13,"column":4},"end":{"line":18,"column":5}},"2":{"start":{"line":14,"column":6},"end":{"line":14,"column":49}},"3":{"start":{"line":15,"column":6},"end":{"line":15,"column":30}},"4":{"start":{"line":17,"column":6},"end":{"line":17,"column":43}},"5":{"start":{"line":22,"column":4},"end":{"line":27,"column":5}},"6":{"start":{"line":23,"column":6},"end":{"line":23,"column":50}},"7":{"start":{"line":24,"column":6},"end":{"line":24,"column":30}},"8":{"start":{"line":26,"column":6},"end":{"line":26,"column":43}},"9":{"start":{"line":30,"column":2},"end":{"line":48,"column":3}}},"fnMap":{"0":{"name":"Login","decl":{"start":{"line":10,"column":16},"end":{"line":10,"column":21}},"loc":{"start":{"line":10,"column":23},"end":{"line":49,"column":1}},"line":10},"1":{"name":"signInWithGoogle","decl":{"start":{"line":12,"column":17},"end":{"line":12,"column":33}},"loc":{"start":{"line":12,"column":35},"end":{"line":19,"column":3}},"line":12},"2":{"name":"signInWithGithub","decl":{"start":{"line":21,"column":17},"end":{"line":21,"column":33}},"loc":{"start":{"line":21,"column":35},"end":{"line":28,"column":3}},"line":21}},"branchMap":{},"s":{"0":0,"1":0,"2":0,"3":0,"4":0,"5":0,"6":0,"7":0,"8":0,"9":0},"f":{"0":0,"1":0,"2":0},"b":{}}
}
