TN:
SF:src\App.tsx
FN:7,App
FNF:1
FNH:0
FNDA:0,App
DA:9,0
LF:1
LH:0
BRF:0
BRH:0
end_of_record
TN:
SF:src\Router.tsx
FN:10,Router
FNF:1
FNH:0
FNDA:0,Router
DA:11,0
LF:1
LH:0
BRF:0
BRH:0
end_of_record
TN:
SF:src\components\Header\HeaderLinks.tsx
FN:6,HeaderLinks
FN:14,logOut
FNF:2
FNH:0
FNDA:0,HeaderLinks
FNDA:0,logOut
DA:7,0
DA:8,0
DA:10,0
DA:11,0
DA:12,0
DA:15,0
DA:16,0
DA:17,0
DA:21,0
LF:9
LH:0
BRF:0
BRH:0
end_of_record
TN:
SF:src\components\Header\HeaderLinksMobile.tsx
FN:6,HeaderLinkMobile
FN:14,logOut
FNF:2
FNH:0
FNDA:0,HeaderLinkMobile
FNDA:0,logOut
DA:7,0
DA:8,0
DA:10,0
DA:11,0
DA:12,0
DA:15,0
DA:16,0
DA:17,0
DA:20,0
LF:9
LH:0
BRF:0
BRH:0
end_of_record
TN:
SF:src\components\Header\HeaderMobile.tsx
FN:5,HeaderMobile
FNF:1
FNH:0
FNDA:0,HeaderMobile
DA:6,0
LF:1
LH:0
BRF:0
BRH:0
end_of_record
TN:
SF:src\components\Header\index.tsx
FN:5,Header
FNF:1
FNH:0
FNDA:0,Header
DA:6,0
LF:1
LH:0
BRF:0
BRH:0
end_of_record
TN:
SF:src\components\Modal\FilterTransactions\index.tsx
FN:5,FilterTransactionsModal
FNF:1
FNH:0
FNDA:0,FilterTransactionsModal
DA:8,0
LF:1
LH:0
BRF:0
BRH:0
end_of_record
TN:
SF:src\components\Toast\index.tsx
FN:3,Toast
FNF:1
FNH:0
FNDA:0,Toast
DA:4,0
LF:1
LH:0
BRF:0
BRH:0
end_of_record
TN:
SF:src\layout\DefaultLayout\index.tsx
FN:4,DefaultLayout
FNF:1
FNH:0
FNDA:0,DefaultLayout
DA:5,0
LF:1
LH:0
BRF:0
BRH:0
end_of_record
TN:
SF:src\pages\Login\index.tsx
FN:10,Login
FN:12,signInWithGoogle
FN:21,signInWithGithub
FNF:3
FNH:0
FNDA:0,Login
FNDA:0,signInWithGoogle
FNDA:0,signInWithGithub
DA:11,0
DA:13,0
DA:14,0
DA:15,0
DA:17,0
DA:22,0
DA:23,0
DA:24,0
DA:26,0
DA:30,0
LF:10
LH:0
BRF:0
BRH:0
end_of_record
